<?xml version="1.0" encoding="UTF-8"?>
<!-- Generated by org.testng.reporters.JUnitReportReporter -->
<testsuite hostname="LAPTOP-0QPO4GCM" failures="0" tests="3" name="com.flink.assignment.FlinkTest" time="166.624" errors="0" timestamp="2021-12-19T13:17:40 IST" skipped="0">
  <testcase classname="com.flink.assignment.FlinkTest" name="Test1" time="65.946"/>
  <system-out/>
  <testcase classname="com.flink.assignment.FlinkTest" name="Test1" time="34.639"/>
  <system-out/>
  <testcase classname="com.flink.assignment.FlinkTest" name="Test1" time="66.039"/>
  <system-out/>
</testsuite> <!-- com.flink.assignment.FlinkTest -->
